p/1669998718022.jpeg 1 0 0 5184 3888
p/1669998718060.jpeg 1 0 0 5921 3947
p/1669998718057.jpeg 1 0 0 2976 3968
p/1669998718058.jpeg 1 0 0 3072 2304
p/1669998718056.jpeg 1 0 0 3000 4000
p/1669998718077.png 1 0 0 1920 1080
p/1669998718046.jpg 1 0 0 3072 1728
p/1669998718034.jpg 1 0 0 2048 1366
p/1669998718075.jpeg 1 0 0 1470 1960
p/1669998718107.jpg 1 0 0 549 309
p/1669998718073.jpg 1 0 0 4257 2836
p/1669998718092.jpg 1 0 0 960 1152
p/1669998718112.jpg 1 0 0 2000 1333
p/1669998718045.jpg 1 0 0 976 549
p/1669998718069.jpg 1 0 0 1600 1600
p/1669998718021.jpg 1 0 0 608 320
p/1669998718083.jpg 1 0 0 1300 956
p/1669998718051.jpg 1 0 0 1280 720
p/1669998718040.jpg 1 0 0 1000 667
p/1669998718063.jpg 1 0 0 450 261
p/1669998718023.jpg 1 0 0 1800 1350
p/1669998718098.jpg 1 0 0 862 485
p/1669998718071.jpg 1 0 0 650 433
p/1669998718101.jpg 1 0 0 1000 750
p/1669998718065.jpg 1 0 0 1000 667
p/1669998718011.jpg 1 0 0 612 407
p/1669998718062.jpg 1 0 0 612 408
p/1669998718080.jpg 1 0 0 1024 767
p/1669998718013.jpg 1 0 0 1300 957
p/1669998718035.jpg 1 0 0 910 1213
p/1669998718043.jpg 1 0 0 1500 1120
p/1669998718091.jpg 1 0 0 1356 668
p/1669998718037.jpg 1 0 0 600 314
p/1669998718093.jpg 1 0 0 2048 1365
p/1669998718012.jpg 1 0 0 1500 1101
p/1669998718074.jpeg 1 0 0 2613 1960
p/1669998718048.jpg 1 0 0 1500 1225
p/1669998718056.png 1 0 0 1920 1080
p/1669998718072.jpg 1 0 0 3200 1808
p/1669998718050.jpg 1 0 0 660 371
p/1669998718016.jpg 1 0 0 1300 956
p/1669998718025.jpg 1 0 0 1500 1125
p/1669998718018.jpg 1 0 0 1050 590
p/1669998718067.jpg 1 0 0 3772 2829
p/1669998718014.jpg 1 0 0 1200 900
p/1669998718076.jpeg 1 0 0 1307 980
p/1669998718027.jpg 1 0 0 1000 563
p/1669998718104.jpg 1 0 0 339 509
p/1669998718049.jpg 1 0 0 3072 2304
p/1669998718028.jpg 1 0 0 1000 667
p/1669998718094.jpg 1 0 0 612 459
p/1669998718089.jpg 1 0 0 1024 696
p/1669998718015.jpg 1 0 0 615 821
p/1669998718036.jpg 1 0 0 1300 956
p/1669998718047.jpg 1 0 0 1050 550
p/1669998718111.jpeg 1 0 0 800 582
p/1669998718033.jpg 1 0 0 626 470
p/1669998718042.jpg 1 0 0 393 280
p/1669998718055.jpg 1 0 0 1500 1225
p/1669998718090.jpg 1 0 0 2000 1333
p/1669998718029.jpg 1 0 0 480 270
p/1669998718020.jpg 1 0 0 1300 956
p/1669998718096.jpg 1 0 0 600 900
p/1669998718078.jpg 1 0 0 2122 1415
p/1669998718105.jpg 1 0 0 1600 1156
p/1669998718031.jpg 1 0 0 608 342
p/1669998718064.jpg 1 0 0 970 647
p/1669998718108.jpg 1 0 0 590 332
p/1669998718099.jpg 1 0 0 1300 956
p/1669998718088.jpg 1 0 0 2000 1333
p/1669998718030.jpg 1 0 0 1280 720
p/1669998718032.jpg 1 0 0 600 470
p/1669998718084.jpg 1 0 0 600 419
p/1669998718074.jpg 1 0 0 626 408
p/1669998718077.jpg 1 0 0 1280 720